<?xml version="1.0" encoding="UTF-8"?>
<!-- Generated by org.testng.reporters.JUnitXMLReporter -->
<testsuite ignored="0" hostname="INCNU348D1X1" failures="0" tests="2" name="Default test" time="36.401" errors="0" timestamp="04 May 2019 09:30:25 GMT">
  <testcase classname="dockerDemo.dockerDemo.ChromeFireFoxDockerTest" name="runChromeTestOnDocker" time="24.364"/>
  <testcase classname="dockerDemo.dockerDemo.ChromeFireFoxDockerTest" name="runFFTestOnDocker" time="11.917"/>
</testsuite> <!-- Default test -->
