<?xml version="1.0" encoding="UTF-8"?>
<!-- Generated by org.testng.reporters.JUnitXMLReporter -->
<testsuite ignored="0" hostname="INCNU348D1X1" failures="1" tests="1" name="FirstTest" time="46.424" errors="0" timestamp="04 May 2019 10:50:16 GMT">
  <testcase classname="dockerDemo.dockerDemo.ChromeDockerTest" name="runChromeTestOnDocker" time="46.378">
    <failure type="java.lang.IllegalMonitorStateException">
      <![CDATA[java.lang.IllegalMonitorStateException
at java.base/java.lang.Object.wait(Native Method)
at dockerDemo.dockerDemo.ChromeDockerTest.runChromeTestOnDocker(ChromeDockerTest.java:31)
... Removed 25 stack frames]]>
    </failure>
  </testcase> <!-- runChromeTestOnDocker -->
</testsuite> <!-- FirstTest -->
