<?xml version="1.0" encoding="UTF-8"?>
<!-- Generated by org.testng.reporters.JUnitXMLReporter -->
<testsuite ignored="0" hostname="INCNU348D1X1" failures="1" tests="1" name="SecondTest" time="9.958" errors="0" timestamp="04 May 2019 10:50:26 GMT">
  <testcase classname="dockerDemo.dockerDemo.FirefoxDockerTest" name="runFFTestOnDocker" time="9.942">
    <failure type="java.lang.IllegalMonitorStateException">
      <![CDATA[java.lang.IllegalMonitorStateException
at java.base/java.lang.Object.wait(Native Method)
at dockerDemo.dockerDemo.FirefoxDockerTest.runFFTestOnDocker(FirefoxDockerTest.java:25)
... Removed 25 stack frames]]>
    </failure>
  </testcase> <!-- runFFTestOnDocker -->
</testsuite> <!-- SecondTest -->
